<?xml version="1.0" encoding="UTF-8"?>
<!-- Generated by org.testng.reporters.JUnitReportReporter -->
<testsuite hostname="KAMALESH" failures="0" tests="4" name="main.com.DataProvider" time="13.312" errors="0" timestamp="2025-08-21T10:11:48 IST" skipped="0">
  <testcase classname="main.com.DataProvider" name="loginPage" time="2.384"/>
  <testcase classname="main.com.DataProvider" name="loginPage" time="6.066"/>
  <testcase classname="main.com.DataProvider" name="loginPage" time="2.544"/>
  <testcase classname="main.com.DataProvider" name="loginPage" time="2.318"/>
</testsuite> <!-- main.com.DataProvider -->
