<?xml version="1.0" encoding="UTF-8"?>
<!-- Generated by org.testng.reporters.JUnitReportReporter -->
<testsuite hostname="KAMALESH" failures="0" tests="1" name="pom.com.amazon" time="4.184" errors="0" timestamp="2025-08-14T16:13:34 IST" skipped="0">
  <testcase classname="pom.com.amazon" name="browserAmazon" time="4.184"/>
</testsuite> <!-- pom.com.amazon -->
