<?xml version="1.0" encoding="UTF-8"?>
<!-- Generated by org.testng.reporters.JUnitReportReporter -->
<testsuite hostname="KAMALESH" failures="0" tests="5" name="main.com.MainClass" time="11.743" errors="0" timestamp="2025-08-19T15:26:05 IST" skipped="0">
  <testcase classname="main.com.MainClass" name="browserLaunch" time="1.882"/>
  <testcase classname="main.com.MainClass" name="maximize" time="0.052"/>
  <testcase classname="main.com.MainClass" name="passUrl" time="3.989"/>
  <testcase classname="main.com.MainClass" name="loginPage" time="4.357"/>
  <testcase classname="main.com.MainClass" name="cartPage" time="1.463"/>
</testsuite> <!-- main.com.MainClass -->
