<?xml version="1.0" encoding="UTF-8"?>
<!-- Generated by org.testng.reporters.JUnitReportReporter -->
<testsuite hostname="KAMALESH" failures="0" tests="1" name="main.com.AssertionTest" time="6.140" errors="0" timestamp="2025-08-21T21:24:38 IST" skipped="0">
  <testcase classname="main.com.AssertionTest" name="softAssert" time="6.140"/>
</testsuite> <!-- main.com.AssertionTest -->
